2022/10/26 15:44:57 [notice] 1#1: using the "epoll" event method
2022/10/26 15:44:57 [notice] 1#1: nginx/1.23.2
2022/10/26 15:44:57 [notice] 1#1: built by gcc 10.2.1 20210110 (Debian 10.2.1-6) 
2022/10/26 15:44:57 [notice] 1#1: OS: Linux 6.0.2-76060002-generic
2022/10/26 15:44:57 [notice] 1#1: getrlimit(RLIMIT_NOFILE): 1048576:1048576
2022/10/26 15:44:57 [notice] 1#1: start worker processes
2022/10/26 15:44:57 [notice] 1#1: start worker process 20
2022/10/26 15:44:57 [notice] 1#1: start worker process 21
2022/10/26 15:44:57 [notice] 1#1: start worker process 22
2022/10/26 15:44:57 [notice] 1#1: start worker process 23
2022/10/26 15:44:57 [notice] 1#1: start worker process 24
2022/10/26 15:44:57 [notice] 1#1: start worker process 25
2022/10/26 15:44:57 [notice] 1#1: start worker process 26
2022/10/26 15:44:57 [notice] 1#1: start worker process 27
2022/10/26 15:44:57 [notice] 1#1: start worker process 28
2022/10/26 15:44:57 [notice] 1#1: start worker process 29
2022/10/26 15:44:57 [notice] 1#1: start worker process 30
2022/10/26 15:44:57 [notice] 1#1: start worker process 31
2022/10/26 15:51:08 [notice] 1#1: using the "epoll" event method
2022/10/26 15:51:08 [notice] 1#1: nginx/1.23.2
2022/10/26 15:51:08 [notice] 1#1: built by gcc 10.2.1 20210110 (Debian 10.2.1-6) 
2022/10/26 15:51:08 [notice] 1#1: OS: Linux 6.0.2-76060002-generic
2022/10/26 15:51:08 [notice] 1#1: getrlimit(RLIMIT_NOFILE): 1048576:1048576
2022/10/26 15:51:08 [notice] 1#1: start worker processes
2022/10/26 15:51:08 [notice] 1#1: start worker process 20
2022/10/26 15:51:08 [notice] 1#1: start worker process 21
2022/10/26 15:51:08 [notice] 1#1: start worker process 22
2022/10/26 15:51:08 [notice] 1#1: start worker process 23
2022/10/26 15:51:08 [notice] 1#1: start worker process 24
2022/10/26 15:51:08 [notice] 1#1: start worker process 25
2022/10/26 15:51:08 [notice] 1#1: start worker process 26
2022/10/26 15:51:08 [notice] 1#1: start worker process 27
2022/10/26 15:51:08 [notice] 1#1: start worker process 28
2022/10/26 15:51:08 [notice] 1#1: start worker process 29
2022/10/26 15:51:08 [notice] 1#1: start worker process 30
2022/10/26 15:51:08 [notice] 1#1: start worker process 31
2022/10/26 16:01:52 [notice] 1#1: signal 3 (SIGQUIT) received, shutting down
2022/10/26 16:01:52 [notice] 21#21: gracefully shutting down
2022/10/26 16:01:52 [notice] 23#23: gracefully shutting down
2022/10/26 16:01:52 [notice] 20#20: gracefully shutting down
2022/10/26 16:01:52 [notice] 22#22: gracefully shutting down
2022/10/26 16:01:52 [notice] 21#21: exiting
2022/10/26 16:01:52 [notice] 23#23: exiting
2022/10/26 16:01:52 [notice] 25#25: gracefully shutting down
2022/10/26 16:01:52 [notice] 24#24: gracefully shutting down
2022/10/26 16:01:52 [notice] 26#26: gracefully shutting down
2022/10/26 16:01:52 [notice] 20#20: exiting
2022/10/26 16:01:52 [notice] 22#22: exiting
2022/10/26 16:01:52 [notice] 21#21: exit
2022/10/26 16:01:52 [notice] 23#23: exit
2022/10/26 16:01:52 [notice] 25#25: exiting
2022/10/26 16:01:52 [notice] 31#31: gracefully shutting down
2022/10/26 16:01:52 [notice] 24#24: exiting
2022/10/26 16:01:52 [notice] 26#26: exiting
2022/10/26 16:01:52 [notice] 27#27: gracefully shutting down
2022/10/26 16:01:52 [notice] 31#31: exiting
2022/10/26 16:01:52 [notice] 22#22: exit
2022/10/26 16:01:52 [notice] 20#20: exit
2022/10/26 16:01:52 [notice] 31#31: exit
2022/10/26 16:01:52 [notice] 25#25: exit
2022/10/26 16:01:52 [notice] 27#27: exiting
2022/10/26 16:01:52 [notice] 24#24: exit
2022/10/26 16:01:52 [notice] 26#26: exit
2022/10/26 16:01:52 [notice] 27#27: exit
2022/10/26 16:01:52 [notice] 29#29: gracefully shutting down
2022/10/26 16:01:52 [notice] 30#30: gracefully shutting down
2022/10/26 16:01:52 [notice] 29#29: exiting
2022/10/26 16:01:52 [notice] 30#30: exiting
2022/10/26 16:01:52 [notice] 30#30: exit
2022/10/26 16:01:52 [notice] 29#29: exit
2022/10/26 16:01:52 [notice] 28#28: gracefully shutting down
2022/10/26 16:01:52 [notice] 28#28: exiting
2022/10/26 16:01:52 [notice] 28#28: exit
2022/10/26 16:01:52 [notice] 1#1: signal 17 (SIGCHLD) received from 28
2022/10/26 16:01:52 [notice] 1#1: worker process 28 exited with code 0
2022/10/26 16:01:52 [notice] 1#1: worker process 22 exited with code 0
2022/10/26 16:01:52 [notice] 1#1: worker process 27 exited with code 0
2022/10/26 16:01:52 [notice] 1#1: signal 29 (SIGIO) received
2022/10/26 16:01:52 [notice] 1#1: signal 17 (SIGCHLD) received from 22
2022/10/26 16:01:52 [notice] 1#1: signal 17 (SIGCHLD) received from 26
2022/10/26 16:01:52 [notice] 1#1: worker process 24 exited with code 0
2022/10/26 16:01:52 [notice] 1#1: worker process 26 exited with code 0
2022/10/26 16:01:52 [notice] 1#1: signal 29 (SIGIO) received
2022/10/26 16:01:52 [notice] 1#1: signal 17 (SIGCHLD) received from 20
2022/10/26 16:01:52 [notice] 1#1: worker process 20 exited with code 0
2022/10/26 16:01:52 [notice] 1#1: signal 29 (SIGIO) received
2022/10/26 16:01:52 [notice] 1#1: signal 17 (SIGCHLD) received from 29
2022/10/26 16:01:52 [notice] 1#1: worker process 29 exited with code 0
2022/10/26 16:01:52 [notice] 1#1: signal 29 (SIGIO) received
2022/10/26 16:01:52 [notice] 1#1: signal 17 (SIGCHLD) received from 31
2022/10/26 16:01:52 [notice] 1#1: worker process 31 exited with code 0
2022/10/26 16:01:52 [notice] 1#1: signal 29 (SIGIO) received
2022/10/26 16:01:52 [notice] 1#1: signal 17 (SIGCHLD) received from 23
2022/10/26 16:01:52 [notice] 1#1: worker process 23 exited with code 0
2022/10/26 16:01:52 [notice] 1#1: signal 29 (SIGIO) received
2022/10/26 16:01:52 [notice] 1#1: signal 17 (SIGCHLD) received from 25
2022/10/26 16:01:52 [notice] 1#1: worker process 25 exited with code 0
2022/10/26 16:01:52 [notice] 1#1: signal 29 (SIGIO) received
2022/10/26 16:01:52 [notice] 1#1: signal 17 (SIGCHLD) received from 21
2022/10/26 16:01:52 [notice] 1#1: worker process 21 exited with code 0
2022/10/26 16:01:52 [notice] 1#1: signal 29 (SIGIO) received
2022/10/26 16:01:52 [notice] 1#1: signal 17 (SIGCHLD) received from 30
2022/10/26 16:01:52 [notice] 1#1: worker process 30 exited with code 0
2022/10/26 16:01:52 [notice] 1#1: exit
2022/10/26 16:01:52 [notice] 1#1: using the "epoll" event method
2022/10/26 16:01:52 [notice] 1#1: nginx/1.23.2
2022/10/26 16:01:52 [notice] 1#1: built by gcc 10.2.1 20210110 (Debian 10.2.1-6) 
2022/10/26 16:01:52 [notice] 1#1: OS: Linux 6.0.2-76060002-generic
2022/10/26 16:01:52 [notice] 1#1: getrlimit(RLIMIT_NOFILE): 1048576:1048576
2022/10/26 16:01:52 [notice] 1#1: start worker processes
2022/10/26 16:01:52 [notice] 1#1: start worker process 20
2022/10/26 16:01:52 [notice] 1#1: start worker process 21
2022/10/26 16:01:52 [notice] 1#1: start worker process 22
2022/10/26 16:01:52 [notice] 1#1: start worker process 23
2022/10/26 16:01:52 [notice] 1#1: start worker process 24
2022/10/26 16:01:52 [notice] 1#1: start worker process 25
2022/10/26 16:01:52 [notice] 1#1: start worker process 26
2022/10/26 16:01:52 [notice] 1#1: start worker process 27
2022/10/26 16:01:52 [notice] 1#1: start worker process 28
2022/10/26 16:01:52 [notice] 1#1: start worker process 29
2022/10/26 16:01:52 [notice] 1#1: start worker process 30
2022/10/26 16:01:52 [notice] 1#1: start worker process 31
2022/10/26 16:07:17 [notice] 1#1: signal 3 (SIGQUIT) received, shutting down
2022/10/26 16:07:17 [notice] 21#21: gracefully shutting down
2022/10/26 16:07:17 [notice] 22#22: gracefully shutting down
2022/10/26 16:07:17 [notice] 24#24: gracefully shutting down
2022/10/26 16:07:17 [notice] 20#20: gracefully shutting down
2022/10/26 16:07:17 [notice] 21#21: exiting
2022/10/26 16:07:17 [notice] 28#28: gracefully shutting down
2022/10/26 16:07:17 [notice] 25#25: gracefully shutting down
2022/10/26 16:07:17 [notice] 22#22: exiting
2022/10/26 16:07:17 [notice] 23#23: gracefully shutting down
2022/10/26 16:07:17 [notice] 24#24: exiting
2022/10/26 16:07:17 [notice] 31#31: gracefully shutting down
2022/10/26 16:07:17 [notice] 20#20: exiting
2022/10/26 16:07:17 [notice] 28#28: exiting
2022/10/26 16:07:17 [notice] 26#26: gracefully shutting down
2022/10/26 16:07:17 [notice] 21#21: exit
2022/10/26 16:07:17 [notice] 25#25: exiting
2022/10/26 16:07:17 [notice] 23#23: exiting
2022/10/26 16:07:17 [notice] 22#22: exit
2022/10/26 16:07:17 [notice] 24#24: exit
2022/10/26 16:07:17 [notice] 31#31: exiting
2022/10/26 16:07:17 [notice] 26#26: exiting
2022/10/26 16:07:17 [notice] 28#28: exit
2022/10/26 16:07:17 [notice] 20#20: exit
2022/10/26 16:07:17 [notice] 23#23: exit
2022/10/26 16:07:17 [notice] 25#25: exit
2022/10/26 16:07:17 [notice] 27#27: gracefully shutting down
2022/10/26 16:07:17 [notice] 26#26: exit
2022/10/26 16:07:17 [notice] 27#27: exiting
2022/10/26 16:07:17 [notice] 31#31: exit
2022/10/26 16:07:17 [notice] 27#27: exit
2022/10/26 16:07:17 [notice] 29#29: gracefully shutting down
2022/10/26 16:07:17 [notice] 30#30: gracefully shutting down
2022/10/26 16:07:17 [notice] 29#29: exiting
2022/10/26 16:07:17 [notice] 30#30: exiting
2022/10/26 16:07:17 [notice] 29#29: exit
2022/10/26 16:07:17 [notice] 30#30: exit
2022/10/26 16:07:17 [notice] 1#1: signal 17 (SIGCHLD) received from 28
2022/10/26 16:07:17 [notice] 1#1: worker process 28 exited with code 0
2022/10/26 16:07:17 [notice] 1#1: worker process 21 exited with code 0
2022/10/26 16:07:17 [notice] 1#1: worker process 26 exited with code 0
2022/10/26 16:07:17 [notice] 1#1: worker process 30 exited with code 0
2022/10/26 16:07:17 [notice] 1#1: signal 29 (SIGIO) received
2022/10/26 16:07:17 [notice] 1#1: signal 17 (SIGCHLD) received from 21
2022/10/26 16:07:17 [notice] 1#1: worker process 25 exited with code 0
2022/10/26 16:07:17 [notice] 1#1: signal 29 (SIGIO) received
2022/10/26 16:07:17 [notice] 1#1: signal 17 (SIGCHLD) received from 27
2022/10/26 16:07:17 [notice] 1#1: worker process 27 exited with code 0
2022/10/26 16:07:17 [notice] 1#1: signal 29 (SIGIO) received
2022/10/26 16:07:17 [notice] 1#1: signal 17 (SIGCHLD) received from 22
2022/10/26 16:07:17 [notice] 1#1: worker process 22 exited with code 0
2022/10/26 16:07:17 [notice] 1#1: signal 29 (SIGIO) received
2022/10/26 16:07:17 [notice] 1#1: signal 17 (SIGCHLD) received from 20
2022/10/26 16:07:17 [notice] 1#1: worker process 20 exited with code 0
2022/10/26 16:07:17 [notice] 1#1: worker process 31 exited with code 0
2022/10/26 16:07:17 [notice] 1#1: signal 29 (SIGIO) received
2022/10/26 16:07:17 [notice] 1#1: signal 17 (SIGCHLD) received from 31
2022/10/26 16:07:17 [notice] 1#1: signal 17 (SIGCHLD) received from 23
2022/10/26 16:07:17 [notice] 1#1: worker process 23 exited with code 0
2022/10/26 16:07:17 [notice] 1#1: signal 29 (SIGIO) received
2022/10/26 16:07:17 [notice] 1#1: signal 17 (SIGCHLD) received from 24
2022/10/26 16:07:17 [notice] 1#1: worker process 24 exited with code 0
2022/10/26 16:07:17 [notice] 1#1: signal 29 (SIGIO) received
2022/10/26 16:07:17 [notice] 1#1: signal 17 (SIGCHLD) received from 29
2022/10/26 16:07:17 [notice] 1#1: worker process 29 exited with code 0
2022/10/26 16:07:17 [notice] 1#1: exit
2022/10/26 16:07:18 [notice] 1#1: using the "epoll" event method
2022/10/26 16:07:18 [notice] 1#1: nginx/1.23.2
2022/10/26 16:07:18 [notice] 1#1: built by gcc 10.2.1 20210110 (Debian 10.2.1-6) 
2022/10/26 16:07:18 [notice] 1#1: OS: Linux 6.0.2-76060002-generic
2022/10/26 16:07:18 [notice] 1#1: getrlimit(RLIMIT_NOFILE): 1048576:1048576
2022/10/26 16:07:18 [notice] 1#1: start worker processes
2022/10/26 16:07:18 [notice] 1#1: start worker process 20
2022/10/26 16:07:18 [notice] 1#1: start worker process 21
2022/10/26 16:07:18 [notice] 1#1: start worker process 22
2022/10/26 16:07:18 [notice] 1#1: start worker process 23
2022/10/26 16:07:18 [notice] 1#1: start worker process 24
2022/10/26 16:07:18 [notice] 1#1: start worker process 25
2022/10/26 16:07:18 [notice] 1#1: start worker process 26
2022/10/26 16:07:18 [notice] 1#1: start worker process 27
2022/10/26 16:07:18 [notice] 1#1: start worker process 28
2022/10/26 16:07:18 [notice] 1#1: start worker process 29
2022/10/26 16:07:18 [notice] 1#1: start worker process 30
2022/10/26 16:07:18 [notice] 1#1: start worker process 31
2022/10/28 11:55:49 [notice] 1#1: signal 3 (SIGQUIT) received, shutting down
2022/10/28 11:55:49 [notice] 20#20: gracefully shutting down
2022/10/28 11:55:49 [notice] 21#21: gracefully shutting down
2022/10/28 11:55:49 [notice] 22#22: gracefully shutting down
2022/10/28 11:55:49 [notice] 23#23: gracefully shutting down
2022/10/28 11:55:49 [notice] 24#24: gracefully shutting down
2022/10/28 11:55:49 [notice] 25#25: gracefully shutting down
2022/10/28 11:55:49 [notice] 20#20: exiting
2022/10/28 11:55:49 [notice] 28#28: gracefully shutting down
2022/10/28 11:55:49 [notice] 26#26: gracefully shutting down
2022/10/28 11:55:49 [notice] 29#29: gracefully shutting down
2022/10/28 11:55:49 [notice] 31#31: gracefully shutting down
2022/10/28 11:55:49 [notice] 21#21: exiting
2022/10/28 11:55:49 [notice] 22#22: exiting
2022/10/28 11:55:49 [notice] 23#23: exiting
2022/10/28 11:55:49 [notice] 24#24: exiting
2022/10/28 11:55:49 [notice] 25#25: exiting
2022/10/28 11:55:49 [notice] 28#28: exiting
2022/10/28 11:55:49 [notice] 26#26: exiting
2022/10/28 11:55:49 [notice] 29#29: exiting
2022/10/28 11:55:49 [notice] 31#31: exiting
2022/10/28 11:55:49 [notice] 20#20: exit
2022/10/28 11:55:49 [notice] 21#21: exit
2022/10/28 11:55:49 [notice] 23#23: exit
2022/10/28 11:55:49 [notice] 24#24: exit
2022/10/28 11:55:49 [notice] 22#22: exit
2022/10/28 11:55:49 [notice] 25#25: exit
2022/10/28 11:55:49 [notice] 28#28: exit
2022/10/28 11:55:49 [notice] 29#29: exit
2022/10/28 11:55:49 [notice] 26#26: exit
2022/10/28 11:55:49 [notice] 31#31: exit
2022/10/28 11:55:49 [notice] 30#30: gracefully shutting down
2022/10/28 11:55:49 [notice] 27#27: gracefully shutting down
2022/10/28 11:55:49 [notice] 30#30: exiting
2022/10/28 11:55:49 [notice] 27#27: exiting
2022/10/28 11:55:49 [notice] 30#30: exit
2022/10/28 11:55:49 [notice] 27#27: exit
2022/10/28 11:55:49 [notice] 1#1: signal 17 (SIGCHLD) received from 20
2022/10/28 11:55:49 [notice] 1#1: worker process 20 exited with code 0
2022/10/28 11:55:49 [notice] 1#1: worker process 28 exited with code 0
2022/10/28 11:55:49 [notice] 1#1: signal 29 (SIGIO) received
2022/10/28 11:55:49 [notice] 1#1: signal 17 (SIGCHLD) received from 26
2022/10/28 11:55:49 [notice] 1#1: worker process 26 exited with code 0
2022/10/28 11:55:49 [notice] 1#1: signal 29 (SIGIO) received
2022/10/28 11:55:49 [notice] 1#1: signal 17 (SIGCHLD) received from 23
2022/10/28 11:55:49 [notice] 1#1: worker process 23 exited with code 0
2022/10/28 11:55:49 [notice] 1#1: signal 29 (SIGIO) received
2022/10/28 11:55:49 [notice] 1#1: signal 17 (SIGCHLD) received from 24
2022/10/28 11:55:49 [notice] 1#1: worker process 21 exited with code 0
2022/10/28 11:55:49 [notice] 1#1: worker process 24 exited with code 0
2022/10/28 11:55:49 [notice] 1#1: worker process 27 exited with code 0
2022/10/28 11:55:49 [notice] 1#1: signal 29 (SIGIO) received
2022/10/28 11:55:49 [notice] 1#1: signal 17 (SIGCHLD) received from 21
2022/10/28 11:55:49 [notice] 1#1: signal 17 (SIGCHLD) received from 22
2022/10/28 11:55:49 [notice] 1#1: worker process 22 exited with code 0
2022/10/28 11:55:49 [notice] 1#1: signal 29 (SIGIO) received
2022/10/28 11:55:49 [notice] 1#1: signal 17 (SIGCHLD) received from 29
2022/10/28 11:55:49 [notice] 1#1: worker process 29 exited with code 0
2022/10/28 11:55:49 [notice] 1#1: signal 29 (SIGIO) received
2022/10/28 11:55:49 [notice] 1#1: signal 17 (SIGCHLD) received from 31
2022/10/28 11:55:49 [notice] 1#1: worker process 31 exited with code 0
2022/10/28 11:55:49 [notice] 1#1: signal 29 (SIGIO) received
2022/10/28 11:55:49 [notice] 1#1: signal 17 (SIGCHLD) received from 30
2022/10/28 11:55:49 [notice] 1#1: worker process 30 exited with code 0
2022/10/28 11:55:49 [notice] 1#1: signal 29 (SIGIO) received
2022/10/28 11:55:49 [notice] 1#1: signal 17 (SIGCHLD) received from 25
2022/10/28 11:55:49 [notice] 1#1: worker process 25 exited with code 0
2022/10/28 11:55:49 [notice] 1#1: exit
2022/10/28 11:55:50 [notice] 1#1: using the "epoll" event method
2022/10/28 11:55:50 [notice] 1#1: nginx/1.23.2
2022/10/28 11:55:50 [notice] 1#1: built by gcc 10.2.1 20210110 (Debian 10.2.1-6) 
2022/10/28 11:55:50 [notice] 1#1: OS: Linux 6.0.2-76060002-generic
2022/10/28 11:55:50 [notice] 1#1: getrlimit(RLIMIT_NOFILE): 1048576:1048576
2022/10/28 11:55:50 [notice] 1#1: start worker processes
2022/10/28 11:55:50 [notice] 1#1: start worker process 20
2022/10/28 11:55:50 [notice] 1#1: start worker process 21
2022/10/28 11:55:50 [notice] 1#1: start worker process 22
2022/10/28 11:55:50 [notice] 1#1: start worker process 23
2022/10/28 11:55:50 [notice] 1#1: start worker process 24
2022/10/28 11:55:50 [notice] 1#1: start worker process 25
2022/10/28 11:55:50 [notice] 1#1: start worker process 26
2022/10/28 11:55:50 [notice] 1#1: start worker process 27
2022/10/28 11:55:50 [notice] 1#1: start worker process 28
2022/10/28 11:55:50 [notice] 1#1: start worker process 29
2022/10/28 11:55:50 [notice] 1#1: start worker process 30
2022/10/28 11:55:50 [notice] 1#1: start worker process 31
2022/10/28 12:05:08 [notice] 1#1: signal 3 (SIGQUIT) received, shutting down
2022/10/28 12:05:08 [notice] 20#20: gracefully shutting down
2022/10/28 12:05:08 [notice] 22#22: gracefully shutting down
2022/10/28 12:05:08 [notice] 21#21: gracefully shutting down
2022/10/28 12:05:08 [notice] 23#23: gracefully shutting down
2022/10/28 12:05:08 [notice] 26#26: gracefully shutting down
2022/10/28 12:05:08 [notice] 25#25: gracefully shutting down
2022/10/28 12:05:08 [notice] 27#27: gracefully shutting down
2022/10/28 12:05:08 [notice] 20#20: exiting
2022/10/28 12:05:08 [notice] 22#22: exiting
2022/10/28 12:05:08 [notice] 21#21: exiting
2022/10/28 12:05:08 [notice] 24#24: gracefully shutting down
2022/10/28 12:05:08 [notice] 23#23: exiting
2022/10/28 12:05:08 [notice] 26#26: exiting
2022/10/28 12:05:08 [notice] 29#29: gracefully shutting down
2022/10/28 12:05:08 [notice] 28#28: gracefully shutting down
2022/10/28 12:05:08 [notice] 25#25: exiting
2022/10/28 12:05:08 [notice] 27#27: exiting
2022/10/28 12:05:08 [notice] 20#20: exit
2022/10/28 12:05:08 [notice] 22#22: exit
2022/10/28 12:05:08 [notice] 21#21: exit
2022/10/28 12:05:08 [notice] 31#31: gracefully shutting down
2022/10/28 12:05:08 [notice] 24#24: exiting
2022/10/28 12:05:08 [notice] 29#29: exiting
2022/10/28 12:05:08 [notice] 23#23: exit
2022/10/28 12:05:08 [notice] 26#26: exit
2022/10/28 12:05:08 [notice] 28#28: exiting
2022/10/28 12:05:08 [notice] 31#31: exiting
2022/10/28 12:05:08 [notice] 27#27: exit
2022/10/28 12:05:08 [notice] 25#25: exit
2022/10/28 12:05:08 [notice] 29#29: exit
2022/10/28 12:05:08 [notice] 31#31: exit
2022/10/28 12:05:08 [notice] 24#24: exit
2022/10/28 12:05:08 [notice] 28#28: exit
2022/10/28 12:05:08 [notice] 30#30: gracefully shutting down
2022/10/28 12:05:08 [notice] 30#30: exiting
2022/10/28 12:05:08 [notice] 30#30: exit
2022/10/28 12:05:08 [notice] 1#1: signal 17 (SIGCHLD) received from 25
2022/10/28 12:05:08 [notice] 1#1: worker process 25 exited with code 0
2022/10/28 12:05:08 [notice] 1#1: worker process 27 exited with code 0
2022/10/28 12:05:08 [notice] 1#1: signal 29 (SIGIO) received
2022/10/28 12:05:08 [notice] 1#1: signal 17 (SIGCHLD) received from 23
2022/10/28 12:05:08 [notice] 1#1: worker process 23 exited with code 0
2022/10/28 12:05:08 [notice] 1#1: worker process 29 exited with code 0
2022/10/28 12:05:08 [notice] 1#1: signal 29 (SIGIO) received
2022/10/28 12:05:08 [notice] 1#1: signal 17 (SIGCHLD) received from 20
2022/10/28 12:05:08 [notice] 1#1: worker process 20 exited with code 0
2022/10/28 12:05:08 [notice] 1#1: signal 29 (SIGIO) received
2022/10/28 12:05:08 [notice] 1#1: signal 17 (SIGCHLD) received from 26
2022/10/28 12:05:08 [notice] 1#1: worker process 22 exited with code 0
2022/10/28 12:05:08 [notice] 1#1: worker process 26 exited with code 0
2022/10/28 12:05:08 [notice] 1#1: signal 29 (SIGIO) received
2022/10/28 12:05:08 [notice] 1#1: signal 17 (SIGCHLD) received from 22
2022/10/28 12:05:08 [notice] 1#1: signal 17 (SIGCHLD) received from 30
2022/10/28 12:05:08 [notice] 1#1: worker process 30 exited with code 0
2022/10/28 12:05:08 [notice] 1#1: signal 29 (SIGIO) received
2022/10/28 12:05:08 [notice] 1#1: signal 17 (SIGCHLD) received from 21
2022/10/28 12:05:08 [notice] 1#1: worker process 21 exited with code 0
2022/10/28 12:05:08 [notice] 1#1: worker process 31 exited with code 0
2022/10/28 12:05:08 [notice] 1#1: signal 29 (SIGIO) received
2022/10/28 12:05:08 [notice] 1#1: signal 17 (SIGCHLD) received from 28
2022/10/28 12:05:08 [notice] 1#1: worker process 24 exited with code 0
2022/10/28 12:05:08 [notice] 1#1: worker process 28 exited with code 0
2022/10/28 12:05:08 [notice] 1#1: exit
2022/10/28 12:05:09 [notice] 1#1: using the "epoll" event method
2022/10/28 12:05:09 [notice] 1#1: nginx/1.23.2
2022/10/28 12:05:09 [notice] 1#1: built by gcc 10.2.1 20210110 (Debian 10.2.1-6) 
2022/10/28 12:05:09 [notice] 1#1: OS: Linux 6.0.2-76060002-generic
2022/10/28 12:05:09 [notice] 1#1: getrlimit(RLIMIT_NOFILE): 1048576:1048576
2022/10/28 12:05:09 [notice] 1#1: start worker processes
2022/10/28 12:05:09 [notice] 1#1: start worker process 20
2022/10/28 12:05:09 [notice] 1#1: start worker process 21
2022/10/28 12:05:09 [notice] 1#1: start worker process 22
2022/10/28 12:05:09 [notice] 1#1: start worker process 23
2022/10/28 12:05:09 [notice] 1#1: start worker process 24
2022/10/28 12:05:09 [notice] 1#1: start worker process 25
2022/10/28 12:05:09 [notice] 1#1: start worker process 26
2022/10/28 12:05:09 [notice] 1#1: start worker process 27
2022/10/28 12:05:09 [notice] 1#1: start worker process 28
2022/10/28 12:05:09 [notice] 1#1: start worker process 29
2022/10/28 12:05:09 [notice] 1#1: start worker process 30
2022/10/28 12:05:09 [notice] 1#1: start worker process 31
2022/10/28 16:07:48 [error] 21#21: *2 open() "/var/www/hello.dev/favicon.ico" failed (2: No such file or directory), client: 172.18.0.1, server: hello.dev, request: "GET /favicon.ico HTTP/1.1", host: "127.0.0.1", referrer: "http://127.0.0.1/"
